Error processing Bisonai/klaytn-docs: error: Unable to connect. Is the computer able to access the url?
  path: "http://localhost:3006/api/data/github-commits",
 errno: 0,
  code: "ConnectionRefused"


Error processing Bisonai/mobilenetv3-tensorflow: error: Unable to connect. Is the computer able to access the url?
  path: "http://localhost:3006/api/data/github-commits",
 errno: 0,
  code: "ConnectionRefused"


Error processing Bisonai/ncnn: error: Unable to connect. Is the computer able to access the url?
  path: "http://localhost:3006/api/data/github-commits",
 errno: 0,
  code: "ConnectionRefused"


Error processing Bisonai/orakl: error: Unable to connect. Is the computer able to access the url?
  path: "http://localhost:3006/api/data/github-commits",
 errno: 0,
  code: "ConnectionRefused"


Error processing Bisonai/orakl-config: error: Unable to connect. Is the computer able to access the url?
  path: "http://localhost:3006/api/data/github-commits",
 errno: 0,
  code: "ConnectionRefused"


Error processing Bisonai/orakl-demo-binary-option: error: Unable to connect. Is the computer able to access the url?
  path: "http://localhost:3006/api/data/github-commits",
 errno: 0,
  code: "ConnectionRefused"


Error processing Bisonai/orakl-demo-mystery-box: error: Unable to connect. Is the computer able to access the url?
  path: "http://localhost:3006/api/data/github-commits",
 errno: 0,
  code: "ConnectionRefused"


Error processing CrederLabs/DefiLlama-Adapters: error: Unable to connect. Is the computer able to access the url?
  path: "http://localhost:3006/api/data/github-commits",
 errno: 0,
  code: "ConnectionRefused"


Error processing CrederLabs/defillama-server: error: Unable to connect. Is the computer able to access the url?
  path: "http://localhost:3006/api/data/github-commits",
 errno: 0,
  code: "ConnectionRefused"


Error processing Cristo-Dev/EvoLedger: error: Unable to connect. Is the computer able to access the url?
  path: "http://localhost:3006/api/data/github-commits",
 errno: 0,
  code: "ConnectionRefused"


Error processing decipher-kredt/korea-stablecoin-hackathon: error: Unable to connect. Is the computer able to access the url?
  path: "http://localhost:3006/api/data/github-commits",
 errno: 0,
  code: "ConnectionRefused"


Error processing dragon-swap-klaytn/dragon-frontend: error: Unable to connect. Is the computer able to access the url?
  path: "http://localhost:3006/api/data/github-commits",
 errno: 0,
  code: "ConnectionRefused"


Error processing dragon-swap-klaytn/dragon-smart-contracts: error: Unable to connect. Is the computer able to access the url?
  path: "http://localhost:3006/api/data/github-commits",
 errno: 0,
  code: "ConnectionRefused"


Error processing dragon-swap-klaytn/dragon-subgraph: error: Unable to connect. Is the computer able to access the url?
  path: "http://localhost:3006/api/data/github-commits",
 errno: 0,
  code: "ConnectionRefused"


Error processing elysia-dev/contract-metadata: error: Unable to connect. Is the computer able to access the url?
  path: "http://localhost:3006/api/data/github-commits",
 errno: 0,
  code: "ConnectionRefused"


Error processing elysia-dev/contract-typechain: error: Unable to connect. Is the computer able to access the url?
  path: "http://localhost:3006/api/data/github-commits",
 errno: 0,
  code: "ConnectionRefused"


Error processing elysia-dev/DefiLlama-Adapters: error: Unable to connect. Is the computer able to access the url?
  path: "http://localhost:3006/api/data/github-commits",
 errno: 0,
  code: "ConnectionRefused"


Error processing elysia-dev/dutch: error: Unable to connect. Is the computer able to access the url?
  path: "http://localhost:3006/api/data/github-commits",
 errno: 0,
  code: "ConnectionRefused"


Error processing elysia-dev/eltoken: error: Unable to connect. Is the computer able to access the url?
  path: "http://localhost:3006/api/data/github-commits",
 errno: 0,
  code: "ConnectionRefused"


Error processing elysia-dev/elyfi: error: Unable to connect. Is the computer able to access the url?
  path: "http://localhost:3006/api/data/github-commits",
 errno: 0,
  code: "ConnectionRefused"


Error processing elysia-dev/elyfi-governance: error: Unable to connect. Is the computer able to access the url?
  path: "http://localhost:3006/api/data/github-commits",
 errno: 0,
  code: "ConnectionRefused"


Error processing elysia-dev/elyfi-stakingpool: error: Unable to connect. Is the computer able to access the url?
  path: "http://localhost:3006/api/data/github-commits",
 errno: 0,
  code: "ConnectionRefused"


Error processing elysia-dev/elyfi-subgraph: error: Unable to connect. Is the computer able to access the url?
  path: "http://localhost:3006/api/data/github-commits",
 errno: 0,
  code: "ConnectionRefused"


Error processing elysia-dev/elyfi-v1-docs: error: Unable to connect. Is the computer able to access the url?
  path: "http://localhost:3006/api/data/github-commits",
 errno: 0,
  code: "ConnectionRefused"


Error processing elysia-dev/elyfi-v1-sdk: error: Unable to connect. Is the computer able to access the url?
  path: "http://localhost:3006/api/data/github-commits",
 errno: 0,
  code: "ConnectionRefused"


Error processing elysia-dev/ELYIPs: error: Unable to connect. Is the computer able to access the url?
  path: "http://localhost:3006/api/data/github-commits",
 errno: 0,
  code: "ConnectionRefused"


Error processing elysia-dev/elysia-korea-pf: error: Unable to connect. Is the computer able to access the url?
  path: "http://localhost:3006/api/data/github-commits",
 errno: 0,
  code: "ConnectionRefused"


Error processing elysia-dev/elysia-rwa-standard: error: Unable to connect. Is the computer able to access the url?
  path: "http://localhost:3006/api/data/github-commits",
 errno: 0,
  code: "ConnectionRefused"


Error processing elysia-dev/elysia-us-pf: error: Unable to connect. Is the computer able to access the url?
  path: "http://localhost:3006/api/data/github-commits",
 errno: 0,
  code: "ConnectionRefused"


Error processing elysia-dev/elysia-v2-interface: error: Unable to connect. Is the computer able to access the url?
  path: "http://localhost:3006/api/data/github-commits",
 errno: 0,
  code: "ConnectionRefused"


Error processing elysia-dev/erc20faucet: error: Unable to connect. Is the computer able to access the url?
  path: "http://localhost:3006/api/data/github-commits",
 errno: 0,
  code: "ConnectionRefused"


Error processing elysia-dev/hazelnut: error: Unable to connect. Is the computer able to access the url?
  path: "http://localhost:3006/api/data/github-commits",
 errno: 0,
  code: "ConnectionRefused"


Error processing elysia-dev/instant: error: Unable to connect. Is the computer able to access the url?
  path: "http://localhost:3006/api/data/github-commits",
 errno: 0,
  code: "ConnectionRefused"


Error processing elysia-dev/NAPs: error: Unable to connect. Is the computer able to access the url?
  path: "http://localhost:3006/api/data/github-commits",
 errno: 0,
  code: "ConnectionRefused"


Error processing elysia-dev/node-project-template: error: Unable to connect. Is the computer able to access the url?
  path: "http://localhost:3006/api/data/github-commits",
 errno: 0,
  code: "ConnectionRefused"


Error processing elysia-dev/oracle: error: Unable to connect. Is the computer able to access the url?
  path: "http://localhost:3006/api/data/github-commits",
 errno: 0,
  code: "ConnectionRefused"


Error processing elysia-dev/reality-eth-monorepo: error: Unable to connect. Is the computer able to access the url?
  path: "http://localhost:3006/api/data/github-commits",
 errno: 0,
  code: "ConnectionRefused"


Error processing elysia-dev/snapshot-strategies: error: Unable to connect. Is the computer able to access the url?
  path: "http://localhost:3006/api/data/github-commits",
 errno: 0,
  code: "ConnectionRefused"


Error processing elysia-dev/stakingpool-v2: error: Unable to connect. Is the computer able to access the url?
  path: "http://localhost:3006/api/data/github-commits",
 errno: 0,
  code: "ConnectionRefused"


Error processing elysia-dev/uniswap-v3-staker-subgraph: error: Unable to connect. Is the computer able to access the url?
  path: "http://localhost:3006/api/data/github-commits",
 errno: 0,
  code: "ConnectionRefused"


Error processing elysia-dev/v3-staker: error: Unable to connect. Is the computer able to access the url?
  path: "http://localhost:3006/api/data/github-commits",
 errno: 0,
  code: "ConnectionRefused"


Error processing elysia-dev/ZKredit: error: Unable to connect. Is the computer able to access the url?
  path: "http://localhost:3006/api/data/github-commits",
 errno: 0,
  code: "ConnectionRefused"


Error processing elysia-dev/zodiac-module-reality: error: Unable to connect. Is the computer able to access the url?
  path: "http://localhost:3006/api/data/github-commits",
 errno: 0,
  code: "ConnectionRefused"


Error processing elysia-dev/elyfi-token: error: Unable to connect. Is the computer able to access the url?
  path: "http://localhost:3006/api/data/github-commits",
 errno: 0,
  code: "ConnectionRefused"


Error processing elysia-dev/asset-token: error: Unable to connect. Is the computer able to access the url?
  path: "http://localhost:3006/api/data/github-commits",
 errno: 0,
  code: "ConnectionRefused"


Error processing elysia-dev/betos: error: Unable to connect. Is the computer able to access the url?
  path: "http://localhost:3006/api/data/github-commits",
 errno: 0,
  code: "ConnectionRefused"


Error processing elysia-dev/contract-artifacts: error: Unable to connect. Is the computer able to access the url?
  path: "http://localhost:3006/api/data/github-commits",
 errno: 0,
  code: "ConnectionRefused"


Error processing Emmanueleclipse/Kaia-Scholar: error: Unable to connect. Is the computer able to access the url?
  path: "http://localhost:3006/api/data/github-commits",
 errno: 0,
  code: "ConnectionRefused"


Error processing Emmyhack/kaia-ai-agent: error: Unable to connect. Is the computer able to access the url?
  path: "http://localhost:3006/api/data/github-commits",
 errno: 0,
  code: "ConnectionRefused"


Error processing ExtraCaterpiller/Petiverse-foundry: error: Unable to connect. Is the computer able to access the url?
  path: "http://localhost:3006/api/data/github-commits",
 errno: 0,
  code: "ConnectionRefused"


Error processing ExtraCaterpiller/Petiverse-frontend: error: Unable to connect. Is the computer able to access the url?
  path: "http://localhost:3006/api/data/github-commits",
 errno: 0,
  code: "ConnectionRefused"


Error processing ExtraCaterpiller/Petiverse-backend: error: Unable to connect. Is the computer able to access the url?
  path: "http://localhost:3006/api/data/github-commits",
 errno: 0,
  code: "ConnectionRefused"


Error processing fortoon21/Kaia-stable-hackathon: error: Unable to connect. Is the computer able to access the url?
  path: "http://localhost:3006/api/data/github-commits",
 errno: 0,
  code: "ConnectionRefused"


Error processing gammarix/uni-v2-periphery: error: Unable to connect. Is the computer able to access the url?
  path: "http://localhost:3006/api/data/github-commits",
 errno: 0,
  code: "ConnectionRefused"


Error processing gammarix/uni-v2-core: error: Unable to connect. Is the computer able to access the url?
  path: "http://localhost:3006/api/data/github-commits",
 errno: 0,
  code: "ConnectionRefused"


Error processing Gemstudios/avatar-api: error: Unable to connect. Is the computer able to access the url?
  path: "http://localhost:3006/api/data/github-commits",
 errno: 0,
  code: "ConnectionRefused"


Error processing Gemstudios/foundation: error: Unable to connect. Is the computer able to access the url?
  path: "http://localhost:3006/api/data/github-commits",
 errno: 0,
  code: "ConnectionRefused"


Error processing Gemstudios/assets: error: Unable to connect. Is the computer able to access the url?
  path: "http://localhost:3006/api/data/github-commits",
 errno: 0,
  code: "ConnectionRefused"


Error processing Gemstudios/About-MITA: error: Unable to connect. Is the computer able to access the url?
  path: "http://localhost:3006/api/data/github-commits",
 errno: 0,
  code: "ConnectionRefused"


Error processing ginghong/GymPass-demo: error: Unable to connect. Is the computer able to access the url?
  path: "http://localhost:3006/api/data/github-commits",
 errno: 0,
  code: "ConnectionRefused"


Error processing GoGetShitDone/61_commando: error: Unable to connect. Is the computer able to access the url?
  path: "http://localhost:3006/api/data/github-commits",
 errno: 0,
  code: "ConnectionRefused"


Error processing han-um/Blot: error: Unable to connect. Is the computer able to access the url?
  path: "http://localhost:3006/api/data/github-commits",
 errno: 0,
  code: "ConnectionRefused"


Error processing HappyBerrysBoy/magic-millstone: error: Unable to connect. Is the computer able to access the url?
  path: "http://localhost:3006/api/data/github-commits",
 errno: 0,
  code: "ConnectionRefused"


Error processing haxxsniper/kaia-foundry-template: error: Unable to connect. Is the computer able to access the url?
  path: "http://localhost:3006/api/data/github-commits",
 errno: 0,
  code: "ConnectionRefused"


Error processing haxxsniper/gaslite-ui: error: Unable to connect. Is the computer able to access the url?
  path: "http://localhost:3006/api/data/github-commits",
 errno: 0,
  code: "ConnectionRefused"


Error processing haxxsniper/gaslite-drop-contracts: error: Unable to connect. Is the computer able to access the url?
  path: "http://localhost:3006/api/data/github-commits",
 errno: 0,
  code: "ConnectionRefused"


Error processing HJKUNST/pay-gak: error: Unable to connect. Is the computer able to access the url?
  path: "http://localhost:3006/api/data/github-commits",
 errno: 0,
  code: "ConnectionRefused"


Error processing inevitable-dao/bento: error: Unable to connect. Is the computer able to access the url?
  path: "http://localhost:3006/api/data/github-commits",
 errno: 0,
  code: "ConnectionRefused"


Error processing ivanzrx/wonnect: error: Unable to connect. Is the computer able to access the url?
  path: "http://localhost:3006/api/data/github-commits",
 errno: 0,
  code: "ConnectionRefused"


Error processing ivline11/Car-ia: error: Unable to connect. Is the computer able to access the url?
  path: "http://localhost:3006/api/data/github-commits",
 errno: 0,
  code: "ConnectionRefused"


Error processing Jeongseup/2025-kaia-hackerthon-decentralized-trade-escrow: error: Unable to connect. Is the computer able to access the url?
  path: "http://localhost:3006/api/data/github-commits",
 errno: 0,
  code: "ConnectionRefused"


Error processing Kaia-Tune/Kaia-Tune-v1.0.1: error: Unable to connect. Is the computer able to access the url?
  path: "http://localhost:3006/api/data/github-commits",
 errno: 0,
  code: "ConnectionRefused"


Error processing kaiachain/kaia-mainnet-setup-workshop: error: Unable to connect. Is the computer able to access the url?
  path: "http://localhost:3006/api/data/github-commits",
 errno: 0,
  code: "ConnectionRefused"


Error processing kaiachain/argocd-diff-action: error: Unable to connect. Is the computer able to access the url?
  path: "http://localhost:3006/api/data/github-commits",
 errno: 0,
  code: "ConnectionRefused"


Error processing kaiachain/awesome-kaia: error: Unable to connect. Is the computer able to access the url?
  path: "http://localhost:3006/api/data/github-commits",
 errno: 0,
  code: "ConnectionRefused"


Error processing kaiachain/build-on-kaia-bootcamp: error: Unable to connect. Is the computer able to access the url?
  path: "http://localhost:3006/api/data/github-commits",
 errno: 0,
  code: "ConnectionRefused"


Error processing kaiachain/caver-java: error: Unable to connect. Is the computer able to access the url?
  path: "http://localhost:3006/api/data/github-commits",
 errno: 0,
  code: "ConnectionRefused"


Error processing kaiachain/caver-js: error: Unable to connect. Is the computer able to access the url?
  path: "http://localhost:3006/api/data/github-commits",
 errno: 0,
  code: "ConnectionRefused"


Error processing kaiachain/contract-template: error: Unable to connect. Is the computer able to access the url?
  path: "http://localhost:3006/api/data/github-commits",
 errno: 0,
  code: "ConnectionRefused"


Error processing kaiachain/fee-delegation-server: error: Unable to connect. Is the computer able to access the url?
  path: "http://localhost:3006/api/data/github-commits",
 errno: 0,
  code: "ConnectionRefused"


Error processing kaiachain/indexer-example: error: Unable to connect. Is the computer able to access the url?
  path: "http://localhost:3006/api/data/github-commits",
 errno: 0,
  code: "ConnectionRefused"


Error processing kaiachain/kaia: error: Unable to connect. Is the computer able to access the url?
  path: "http://localhost:3006/api/data/github-commits",
 errno: 0,
  code: "ConnectionRefused"


Error processing kaiachain/kaia-contracts: error: Unable to connect. Is the computer able to access the url?
  path: "http://localhost:3006/api/data/github-commits",
 errno: 0,
  code: "ConnectionRefused"


Error processing kaiachain/kaia-contracts-wizard: error: Unable to connect. Is the computer able to access the url?
  path: "http://localhost:3006/api/data/github-commits",
 errno: 0,
  code: "ConnectionRefused"


Error processing kaiachain/kaia-core-tests: error: Unable to connect. Is the computer able to access the url?
  path: "http://localhost:3006/api/data/github-commits",
 errno: 0,
  code: "ConnectionRefused"


Error processing kaiachain/kaia-dapp-mono: error: Unable to connect. Is the computer able to access the url?
  path: "http://localhost:3006/api/data/github-commits",
 errno: 0,
  code: "ConnectionRefused"


Error processing kaiachain/kaia-design-system: error: Unable to connect. Is the computer able to access the url?
  path: "http://localhost:3006/api/data/github-commits",
 errno: 0,
  code: "ConnectionRefused"


Error processing kaiachain/kaia-docs: error: Unable to connect. Is the computer able to access the url?
  path: "http://localhost:3006/api/data/github-commits",
 errno: 0,
  code: "ConnectionRefused"


Error processing kaiachain/kaia-etl: error: Unable to connect. Is the computer able to access the url?
  path: "http://localhost:3006/api/data/github-commits",
 errno: 0,
  code: "ConnectionRefused"


Error processing kaiachain/kaia-kairos-setup-workshop: error: Unable to connect. Is the computer able to access the url?
  path: "http://localhost:3006/api/data/github-commits",
 errno: 0,
  code: "ConnectionRefused"


Error processing kaiachain/kaia-load-tester: error: Unable to connect. Is the computer able to access the url?
  path: "http://localhost:3006/api/data/github-commits",
 errno: 0,
  code: "ConnectionRefused"


Error processing kaiachain/kaia-online-toolkit: error: Unable to connect. Is the computer able to access the url?
  path: "http://localhost:3006/api/data/github-commits",
 errno: 0,
  code: "ConnectionRefused"


Error processing kaiachain/kaia-private-network-setup-workshop: error: Unable to connect. Is the computer able to access the url?
  path: "http://localhost:3006/api/data/github-commits",
 errno: 0,
  code: "ConnectionRefused"


Error processing kaiachain/kaia-rpc-tester: error: Unable to connect. Is the computer able to access the url?
  path: "http://localhost:3006/api/data/github-commits",
 errno: 0,
  code: "ConnectionRefused"


Error processing kaiachain/kaia-safe-client-gateway: error: Unable to connect. Is the computer able to access the url?
  path: "http://localhost:3006/api/data/github-commits",
 errno: 0,
  code: "ConnectionRefused"


Error processing kaiachain/kaia-safe-infrastructure: error: Unable to connect. Is the computer able to access the url?
  path: "http://localhost:3006/api/data/github-commits",
 errno: 0,
  code: "ConnectionRefused"


Error processing kaiachain/kaia-safe-wallet-web: error: Unable to connect. Is the computer able to access the url?
  path: "http://localhost:3006/api/data/github-commits",
 errno: 0,
  code: "ConnectionRefused"


Error processing kaiachain/kaia-sdk: error: Unable to connect. Is the computer able to access the url?
  path: "http://localhost:3006/api/data/github-commits",
 errno: 0,
  code: "ConnectionRefused"


Error processing kaiachain/kaia-service-sdk: error: Unable to connect. Is the computer able to access the url?
  path: "http://localhost:3006/api/data/github-commits",
 errno: 0,
  code: "ConnectionRefused"


Error processing kaiachain/kaia-web-wallet: error: Unable to connect. Is the computer able to access the url?
  path: "http://localhost:3006/api/data/github-commits",
 errno: 0,
  code: "ConnectionRefused"


Error processing kaiachain/kaia-websites: error: Unable to connect. Is the computer able to access the url?
  path: "http://localhost:3006/api/data/github-commits",
 errno: 0,
  code: "ConnectionRefused"


Error processing kaiachain/kaia-websites-api: error: Unable to connect. Is the computer able to access the url?
  path: "http://localhost:3006/api/data/github-commits",
 errno: 0,
  code: "ConnectionRefused"


Error processing kaiachain/kips: error: Unable to connect. Is the computer able to access the url?
  path: "http://localhost:3006/api/data/github-commits",
 errno: 0,
  code: "ConnectionRefused"


Error processing kaiachain/metaverse-knowledge-kit: error: Unable to connect. Is the computer able to access the url?
  path: "http://localhost:3006/api/data/github-commits",
 errno: 0,
  code: "ConnectionRefused"


Error processing kaiachain/open-dex-contracts: error: Unable to connect. Is the computer able to access the url?
  path: "http://localhost:3006/api/data/github-commits",
 errno: 0,
  code: "ConnectionRefused"


Error processing kaiachain/open-dex-frontend: error: Unable to connect. Is the computer able to access the url?
  path: "http://localhost:3006/api/data/github-commits",
 errno: 0,
  code: "ConnectionRefused"


Error processing kaiachain/open-dex-subgraphs: error: Unable to connect. Is the computer able to access the url?
  path: "http://localhost:3006/api/data/github-commits",
 errno: 0,
  code: "ConnectionRefused"


Error processing kaiachain/rosetta-kaia: error: Unable to connect. Is the computer able to access the url?
  path: "http://localhost:3006/api/data/github-commits",
 errno: 0,
  code: "ConnectionRefused"


Error processing kaiachain/safe-airdrop: error: Unable to connect. Is the computer able to access the url?
  path: "http://localhost:3006/api/data/github-commits",
 errno: 0,
  code: "ConnectionRefused"


Error processing kaiachain/terraform-google-cloud-armor: error: Unable to connect. Is the computer able to access the url?
  path: "http://localhost:3006/api/data/github-commits",
 errno: 0,
  code: "ConnectionRefused"


Error processing kaiachain/terraform-google-lb-http: error: Unable to connect. Is the computer able to access the url?
  path: "http://localhost:3006/api/data/github-commits",
 errno: 0,
  code: "ConnectionRefused"


Error processing kaiachain/tx-latency-measurement: error: Unable to connect. Is the computer able to access the url?
  path: "http://localhost:3006/api/data/github-commits",
 errno: 0,
  code: "ConnectionRefused"


Error processing kaiachain/zkauth-sdk: error: Unable to connect. Is the computer able to access the url?
  path: "http://localhost:3006/api/data/github-commits",
 errno: 0,
  code: "ConnectionRefused"


Error processing kamalbuilds/TradewithKlayNFTs: error: Unable to connect. Is the computer able to access the url?
  path: "http://localhost:3006/api/data/github-commits",
 errno: 0,
  code: "ConnectionRefused"


Error processing KelvinTrinhSG/Impostor-Puzzle-Game-On-Kaia-Chain: error: Unable to connect. Is the computer able to access the url?
  path: "http://localhost:3006/api/data/github-commits",
 errno: 0,
  code: "ConnectionRefused"


Error processing Korean-won-stable/we-v1-core: error: Unable to connect. Is the computer able to access the url?
  path: "http://localhost:3006/api/data/github-commits",
 errno: 0,
  code: "ConnectionRefused"


Error processing lawrencezcl/USDTide: error: Unable to connect. Is the computer able to access the url?
  path: "http://localhost:3006/api/data/github-commits",
 errno: 0,
  code: "ConnectionRefused"


Error processing linkrypto/klaymaker2023_FE: error: Unable to connect. Is the computer able to access the url?
  path: "http://localhost:3006/api/data/github-commits",
 errno: 0,
  code: "ConnectionRefused"


Error processing lunanga486/Kaia-Burger-Rush-Game: error: Unable to connect. Is the computer able to access the url?
  path: "http://localhost:3006/api/data/github-commits",
 errno: 0,
  code: "ConnectionRefused"


Error processing lyledavids/duckykaia: error: Unable to connect. Is the computer able to access the url?
  path: "http://localhost:3006/api/data/github-commits",
 errno: 0,
  code: "ConnectionRefused"


Error processing Maa-ly/Djury: error: Unable to connect. Is the computer able to access the url?
  path: "http://localhost:3006/api/data/github-commits",
 errno: 0,
  code: "ConnectionRefused"


Error processing Masxon-Studios/THEKILN: error: Unable to connect. Is the computer able to access the url?
  path: "http://localhost:3006/api/data/github-commits",
 errno: 0,
  code: "ConnectionRefused"


Error processing minminkikiki/safe-lite-wallet-web: error: Unable to connect. Is the computer able to access the url?
  path: "http://localhost:3006/api/data/github-commits",
 errno: 0,
  code: "ConnectionRefused"


Error processing minminkikiki/safe-smart-contract-lite: error: Unable to connect. Is the computer able to access the url?
  path: "http://localhost:3006/api/data/github-commits",
 errno: 0,
  code: "ConnectionRefused"


Error processing ModoriLabs/zk-escrow: error: Unable to connect. Is the computer able to access the url?
  path: "http://localhost:3006/api/data/github-commits",
 errno: 0,
  code: "ConnectionRefused"


Error processing MoneyFi-fund/moneyFi-smartcontracts: error: Unable to connect. Is the computer able to access the url?
  path: "http://localhost:3006/api/data/github-commits",
 errno: 0,
  code: "ConnectionRefused"


Error processing mxber2022/kaia-x402: error: Unable to connect. Is the computer able to access the url?
  path: "http://localhost:3006/api/data/github-commits",
 errno: 0,
  code: "ConnectionRefused"


Error processing nam2ee/HelixProtocol: error: Unable to connect. Is the computer able to access the url?
  path: "http://localhost:3006/api/data/github-commits",
 errno: 0,
  code: "ConnectionRefused"


Error processing nemodleo/onjeon: error: Unable to connect. Is the computer able to access the url?
  path: "http://localhost:3006/api/data/github-commits",
 errno: 0,
  code: "ConnectionRefused"


Error processing Neopin/NeopinConnect-Unity: error: Unable to connect. Is the computer able to access the url?
  path: "http://localhost:3006/api/data/github-commits",
 errno: 0,
  code: "ConnectionRefused"


